[debug] [2024-11-01T12:39:18.716Z] ----------------------------------------------------------------------
[debug] [2024-11-01T12:39:18.721Z] Command:       C:\Program Files\nodejs\node.exe C:\Users\Rapra\AppData\Roaming\npm\node_modules\firebase-tools\lib\bin\firebase.js init
[debug] [2024-11-01T12:39:18.721Z] CLI Version:   13.23.1
[debug] [2024-11-01T12:39:18.722Z] Platform:      win32
[debug] [2024-11-01T12:39:18.722Z] Node Version:  v20.18.0
[debug] [2024-11-01T12:39:18.722Z] Time:          Fri Nov 01 2024 18:09:18 GMT+0530 (India Standard Time)
[debug] [2024-11-01T12:39:18.722Z] ----------------------------------------------------------------------
[debug] 
[debug] [2024-11-01T12:39:18.732Z] > command requires scopes: ["email","openid","https://www.googleapis.com/auth/cloudplatformprojects.readonly","https://www.googleapis.com/auth/firebase","https://www.googleapis.com/auth/cloud-platform"]
[debug] [2024-11-01T12:39:18.733Z] > authorizing via signed-in user (neerajnitin2001@gmail.com)
[info] 
     ######## #### ########  ######## ########     ###     ######  ########
     ##        ##  ##     ## ##       ##     ##  ##   ##  ##       ##
     ######    ##  ########  ######   ########  #########  ######  ######
     ##        ##  ##    ##  ##       ##     ## ##     ##       ## ##
     ##       #### ##     ## ######## ########  ##     ##  ######  ########

You're about to initialize a Firebase project in this directory:

  C:\webby\coding-with-neeraj

Before we get started, keep in mind:

  * You are currently outside your home directory

[info] 
=== Project Setup
[info] 
[info] First, let's associate this project directory with a Firebase project.
[info] You can create multiple project aliases by running firebase use --add, 
[info] but for now we'll just set up a default project.
[info] 
[info] i  If you want to create a project in a Google Cloud organization or folder, please use "firebase projects:create" instead, and return to this command when you've created the project. 
[debug] [2024-11-01T12:42:29.265Z] Checked if tokens are valid: true, expires at: 1730468171528
[debug] [2024-11-01T12:42:29.266Z] Checked if tokens are valid: true, expires at: 1730468171528
[debug] [2024-11-01T12:42:29.268Z] >>> [apiv2][query] POST https://cloudresourcemanager.googleapis.com/v1/projects [none]
[debug] [2024-11-01T12:42:29.268Z] >>> [apiv2][body] POST https://cloudresourcemanager.googleapis.com/v1/projects {"projectId":"coding-with-neeraj","name":"coding with neeraj"}
[debug] [2024-11-01T12:42:31.254Z] <<< [apiv2][status] POST https://cloudresourcemanager.googleapis.com/v1/projects 200
[debug] [2024-11-01T12:42:31.254Z] <<< [apiv2][body] POST https://cloudresourcemanager.googleapis.com/v1/projects {"name":"operations/cp.7366991941121385045"}
[debug] [2024-11-01T12:42:31.256Z] Checked if tokens are valid: true, expires at: 1730468171528
[debug] [2024-11-01T12:42:31.256Z] Checked if tokens are valid: true, expires at: 1730468171528
[debug] [2024-11-01T12:42:31.256Z] >>> [apiv2][query] GET https://cloudresourcemanager.googleapis.com/v1/operations/cp.7366991941121385045 [none]
[debug] [2024-11-01T12:42:32.943Z] <<< [apiv2][status] GET https://cloudresourcemanager.googleapis.com/v1/operations/cp.7366991941121385045 200
[debug] [2024-11-01T12:42:32.943Z] <<< [apiv2][body] GET https://cloudresourcemanager.googleapis.com/v1/operations/cp.7366991941121385045 {"name":"operations/cp.7366991941121385045","metadata":{"@type":"type.googleapis.com/google.cloudresourcemanager.v1.ProjectCreationStatus","ready":true},"done":true,"error":{"code":9,"message":"Callers must accept Terms of Service","details":[{"@type":"type.googleapis.com/google.rpc.PreconditionFailure","violations":[{"type":"TOS","subject":"cloud","description":"Callers must accept Terms of Service"}]}]}}
[debug] [2024-11-01T12:42:32.951Z] FirebaseError: Callers must accept Terms of Service
    at OperationPoller.poll (C:\Users\Rapra\AppData\Roaming\npm\node_modules\firebase-tools\lib\operation-poller.js:24:19)
    at process.processTicksAndRejections (node:internal/process/task_queues:95:5)
    at async createCloudProject (C:\Users\Rapra\AppData\Roaming\npm\node_modules\firebase-tools\lib\management\projects.js:186:29)
    at async createFirebaseProjectAndLog (C:\Users\Rapra\AppData\Roaming\npm\node_modules\firebase-tools\lib\management\projects.js:45:9)
    at async promptAndCreateNewProject (C:\Users\Rapra\AppData\Roaming\npm\node_modules\firebase-tools\lib\init\features\project.js:32:12)
    at async doSetup (C:\Users\Rapra\AppData\Roaming\npm\node_modules\firebase-tools\lib\init\features\project.js:88:27)
    at async init (C:\Users\Rapra\AppData\Roaming\npm\node_modules\firebase-tools\lib\init\index.js:41:9)
[error] 
[error] Error: Failed to create project. See firebase-debug.log for more info.
